0 info it worked if it ends with ok
1 verbose cli [ 'C:\\Program Files\\nodejs\\node.exe',
1 verbose cli   'C:\\Program Files\\nodejs\\node_modules\\npm\\bin\\npm-cli.js',
1 verbose cli   'start' ]
2 info using npm@2.15.9
3 info using node@v4.5.0
4 verbose run-script [ 'prestart', 'start', 'poststart' ]
5 info prestart live-polling@0.0.1
6 verbose unsafe-perm in lifecycle true
7 info live-polling@0.0.1 Failed to exec prestart script
8 verbose stack Error: live-polling@0.0.1 prestart: `webpack`
8 verbose stack Exit status 2
8 verbose stack     at EventEmitter.<anonymous> (C:\Program Files\nodejs\node_modules\npm\lib\utils\lifecycle.js:217:16)
8 verbose stack     at emitTwo (events.js:87:13)
8 verbose stack     at EventEmitter.emit (events.js:172:7)
8 verbose stack     at ChildProcess.<anonymous> (C:\Program Files\nodejs\node_modules\npm\lib\utils\spawn.js:24:14)
8 verbose stack     at emitTwo (events.js:87:13)
8 verbose stack     at ChildProcess.emit (events.js:172:7)
8 verbose stack     at maybeClose (internal/child_process.js:829:16)
8 verbose stack     at Process.ChildProcess._handle.onexit (internal/child_process.js:211:5)
9 verbose pkgid live-polling@0.0.1
10 verbose cwd c:\NodeExamples\game-server\realest
11 error Windows_NT 6.1.7601
12 error argv "C:\\Program Files\\nodejs\\node.exe" "C:\\Program Files\\nodejs\\node_modules\\npm\\bin\\npm-cli.js" "start"
13 error node v4.5.0
14 error npm  v2.15.9
15 error code ELIFECYCLE
16 error live-polling@0.0.1 prestart: `webpack`
16 error Exit status 2
17 error Failed at the live-polling@0.0.1 prestart script 'webpack'.
17 error This is most likely a problem with the live-polling package,
17 error not with npm itself.
17 error Tell the author that this fails on your system:
17 error     webpack
17 error You can get information on how to open an issue for this project with:
17 error     npm bugs live-polling
17 error Or if that isn't available, you can get their info via:
17 error
17 error     npm owner ls live-polling
17 error There is likely additional logging output above.
18 verbose exit [ 1, true ]
